[24-Jul-2024 20:21:12 UTC] Error en la transacción: Unknown column 'fecha_nacimiento' in 'field list'
[24-Jul-2024 20:21:47 UTC] Error en la transacción: Unknown column 'fecha_nacimiento' in 'field list'
[24-Jul-2024 20:24:01 UTC] Error en la transacción: Unknown column 'fecha_nacimiento' in 'field list'
[24-Jul-2024 20:24:25 UTC] Error en la transacción: Unknown column 'fecha_nacimiento' in 'field list'
[24-Jul-2024 20:28:18 UTC] Error en la transacción: Unknown column 'fecha_nacimiento' in 'field list'
[24-Jul-2024 20:31:59 UTC] Error en la transacción: Unknown column 'fecha_nacimiento' in 'field list'
[24-Jul-2024 20:33:54 UTC] Error en la transacción: Unknown column 'fecha_nacimiento' in 'field list'
[24-Jul-2024 20:33:56 UTC] Error en la transacción: Unknown column 'fecha_nacimiento' in 'field list'
[24-Jul-2024 20:34:22 UTC] Error en la transacción: Unknown column 'fecha_nacimiento' in 'field list'
[24-Jul-2024 20:45:57 UTC] Error en la transacción: Unknown column 'fecha_nacimiento' in 'field list'
[24-Jul-2024 20:46:38 UTC] Error en la transacción: Unknown column 'fecha_nacimiento' in 'field list'
[24-Jul-2024 20:59:03 UTC] Error en la transacción: Cannot add or update a child row: a foreign key constraint fails (`sonrisas_sleep`.`usuarios`, CONSTRAINT `usuarios_ibfk_1` FOREIGN KEY (`id_tipo_usuario`) REFERENCES `tipo_usuarios` (`id_tipo_usuario`))
[24-Jul-2024 22:42:52 UTC] PHP Fatal error:  Uncaught mysqli_sql_exception: Cannot add or update a child row: a foreign key constraint fails (`sonrisas_sleep`.`notificaciones`, CONSTRAINT `notificacion_ibfk_1` FOREIGN KEY (`id_medico`) REFERENCES `medico` (`id_medico`)) in C:\laragon\www\Proyecto\agendar_cita.php:51
Stack trace:
#0 C:\laragon\www\Proyecto\agendar_cita.php(51): mysqli_stmt->execute()
#1 {main}
  thrown in C:\laragon\www\Proyecto\agendar_cita.php on line 51
[24-Jul-2024 22:42:52 UTC] PHP Fatal error:  Uncaught mysqli_sql_exception: Cannot add or update a child row: a foreign key constraint fails (`sonrisas_sleep`.`notificaciones`, CONSTRAINT `notificacion_ibfk_1` FOREIGN KEY (`id_medico`) REFERENCES `medico` (`id_medico`)) in C:\laragon\www\Proyecto\agendar_cita.php:51
Stack trace:
#0 C:\laragon\www\Proyecto\agendar_cita.php(51): mysqli_stmt->execute()
#1 {main}
  thrown in C:\laragon\www\Proyecto\agendar_cita.php on line 51
[24-Jul-2024 22:42:52 UTC] PHP Fatal error:  Uncaught mysqli_sql_exception: Cannot add or update a child row: a foreign key constraint fails (`sonrisas_sleep`.`notificaciones`, CONSTRAINT `notificacion_ibfk_1` FOREIGN KEY (`id_medico`) REFERENCES `medico` (`id_medico`)) in C:\laragon\www\Proyecto\agendar_cita.php:51
Stack trace:
#0 C:\laragon\www\Proyecto\agendar_cita.php(51): mysqli_stmt->execute()
#1 {main}
  thrown in C:\laragon\www\Proyecto\agendar_cita.php on line 51
[24-Jul-2024 22:42:52 UTC] PHP Fatal error:  Uncaught mysqli_sql_exception: Cannot add or update a child row: a foreign key constraint fails (`sonrisas_sleep`.`notificaciones`, CONSTRAINT `notificacion_ibfk_1` FOREIGN KEY (`id_medico`) REFERENCES `medico` (`id_medico`)) in C:\laragon\www\Proyecto\agendar_cita.php:51
Stack trace:
#0 C:\laragon\www\Proyecto\agendar_cita.php(51): mysqli_stmt->execute()
#1 {main}
  thrown in C:\laragon\www\Proyecto\agendar_cita.php on line 51
[24-Jul-2024 22:42:52 UTC] PHP Fatal error:  Uncaught mysqli_sql_exception: Cannot add or update a child row: a foreign key constraint fails (`sonrisas_sleep`.`notificaciones`, CONSTRAINT `notificacion_ibfk_1` FOREIGN KEY (`id_medico`) REFERENCES `medico` (`id_medico`)) in C:\laragon\www\Proyecto\agendar_cita.php:51
Stack trace:
#0 C:\laragon\www\Proyecto\agendar_cita.php(51): mysqli_stmt->execute()
#1 {main}
  thrown in C:\laragon\www\Proyecto\agendar_cita.php on line 51
[24-Jul-2024 22:42:53 UTC] PHP Fatal error:  Uncaught mysqli_sql_exception: Cannot add or update a child row: a foreign key constraint fails (`sonrisas_sleep`.`notificaciones`, CONSTRAINT `notificacion_ibfk_1` FOREIGN KEY (`id_medico`) REFERENCES `medico` (`id_medico`)) in C:\laragon\www\Proyecto\agendar_cita.php:51
Stack trace:
#0 C:\laragon\www\Proyecto\agendar_cita.php(51): mysqli_stmt->execute()
#1 {main}
  thrown in C:\laragon\www\Proyecto\agendar_cita.php on line 51
[24-Jul-2024 22:42:53 UTC] PHP Fatal error:  Uncaught mysqli_sql_exception: Cannot add or update a child row: a foreign key constraint fails (`sonrisas_sleep`.`notificaciones`, CONSTRAINT `notificacion_ibfk_1` FOREIGN KEY (`id_medico`) REFERENCES `medico` (`id_medico`)) in C:\laragon\www\Proyecto\agendar_cita.php:51
Stack trace:
#0 C:\laragon\www\Proyecto\agendar_cita.php(51): mysqli_stmt->execute()
#1 {main}
  thrown in C:\laragon\www\Proyecto\agendar_cita.php on line 51
[24-Jul-2024 22:43:00 UTC] PHP Fatal error:  Uncaught mysqli_sql_exception: Cannot add or update a child row: a foreign key constraint fails (`sonrisas_sleep`.`notificaciones`, CONSTRAINT `notificacion_ibfk_1` FOREIGN KEY (`id_medico`) REFERENCES `medico` (`id_medico`)) in C:\laragon\www\Proyecto\agendar_cita.php:51
Stack trace:
#0 C:\laragon\www\Proyecto\agendar_cita.php(51): mysqli_stmt->execute()
#1 {main}
  thrown in C:\laragon\www\Proyecto\agendar_cita.php on line 51
[24-Jul-2024 22:43:00 UTC] PHP Fatal error:  Uncaught mysqli_sql_exception: Cannot add or update a child row: a foreign key constraint fails (`sonrisas_sleep`.`notificaciones`, CONSTRAINT `notificacion_ibfk_1` FOREIGN KEY (`id_medico`) REFERENCES `medico` (`id_medico`)) in C:\laragon\www\Proyecto\agendar_cita.php:51
Stack trace:
#0 C:\laragon\www\Proyecto\agendar_cita.php(51): mysqli_stmt->execute()
#1 {main}
  thrown in C:\laragon\www\Proyecto\agendar_cita.php on line 51
[24-Jul-2024 22:43:00 UTC] PHP Fatal error:  Uncaught mysqli_sql_exception: Cannot add or update a child row: a foreign key constraint fails (`sonrisas_sleep`.`notificaciones`, CONSTRAINT `notificacion_ibfk_1` FOREIGN KEY (`id_medico`) REFERENCES `medico` (`id_medico`)) in C:\laragon\www\Proyecto\agendar_cita.php:51
Stack trace:
#0 C:\laragon\www\Proyecto\agendar_cita.php(51): mysqli_stmt->execute()
#1 {main}
  thrown in C:\laragon\www\Proyecto\agendar_cita.php on line 51
[24-Jul-2024 22:43:01 UTC] PHP Fatal error:  Uncaught mysqli_sql_exception: Cannot add or update a child row: a foreign key constraint fails (`sonrisas_sleep`.`notificaciones`, CONSTRAINT `notificacion_ibfk_1` FOREIGN KEY (`id_medico`) REFERENCES `medico` (`id_medico`)) in C:\laragon\www\Proyecto\agendar_cita.php:51
Stack trace:
#0 C:\laragon\www\Proyecto\agendar_cita.php(51): mysqli_stmt->execute()
#1 {main}
  thrown in C:\laragon\www\Proyecto\agendar_cita.php on line 51
[24-Jul-2024 22:43:02 UTC] PHP Fatal error:  Uncaught mysqli_sql_exception: Cannot add or update a child row: a foreign key constraint fails (`sonrisas_sleep`.`notificaciones`, CONSTRAINT `notificacion_ibfk_1` FOREIGN KEY (`id_medico`) REFERENCES `medico` (`id_medico`)) in C:\laragon\www\Proyecto\agendar_cita.php:51
Stack trace:
#0 C:\laragon\www\Proyecto\agendar_cita.php(51): mysqli_stmt->execute()
#1 {main}
  thrown in C:\laragon\www\Proyecto\agendar_cita.php on line 51
[24-Jul-2024 22:43:02 UTC] PHP Fatal error:  Uncaught mysqli_sql_exception: Cannot add or update a child row: a foreign key constraint fails (`sonrisas_sleep`.`notificaciones`, CONSTRAINT `notificacion_ibfk_1` FOREIGN KEY (`id_medico`) REFERENCES `medico` (`id_medico`)) in C:\laragon\www\Proyecto\agendar_cita.php:51
Stack trace:
#0 C:\laragon\www\Proyecto\agendar_cita.php(51): mysqli_stmt->execute()
#1 {main}
  thrown in C:\laragon\www\Proyecto\agendar_cita.php on line 51
[24-Jul-2024 22:43:02 UTC] PHP Fatal error:  Uncaught mysqli_sql_exception: Cannot add or update a child row: a foreign key constraint fails (`sonrisas_sleep`.`notificaciones`, CONSTRAINT `notificacion_ibfk_1` FOREIGN KEY (`id_medico`) REFERENCES `medico` (`id_medico`)) in C:\laragon\www\Proyecto\agendar_cita.php:51
Stack trace:
#0 C:\laragon\www\Proyecto\agendar_cita.php(51): mysqli_stmt->execute()
#1 {main}
  thrown in C:\laragon\www\Proyecto\agendar_cita.php on line 51
[24-Jul-2024 22:43:02 UTC] PHP Fatal error:  Uncaught mysqli_sql_exception: Cannot add or update a child row: a foreign key constraint fails (`sonrisas_sleep`.`notificaciones`, CONSTRAINT `notificacion_ibfk_1` FOREIGN KEY (`id_medico`) REFERENCES `medico` (`id_medico`)) in C:\laragon\www\Proyecto\agendar_cita.php:51
Stack trace:
#0 C:\laragon\www\Proyecto\agendar_cita.php(51): mysqli_stmt->execute()
#1 {main}
  thrown in C:\laragon\www\Proyecto\agendar_cita.php on line 51
[24-Jul-2024 22:43:03 UTC] PHP Fatal error:  Uncaught mysqli_sql_exception: Cannot add or update a child row: a foreign key constraint fails (`sonrisas_sleep`.`notificaciones`, CONSTRAINT `notificacion_ibfk_1` FOREIGN KEY (`id_medico`) REFERENCES `medico` (`id_medico`)) in C:\laragon\www\Proyecto\agendar_cita.php:51
Stack trace:
#0 C:\laragon\www\Proyecto\agendar_cita.php(51): mysqli_stmt->execute()
#1 {main}
  thrown in C:\laragon\www\Proyecto\agendar_cita.php on line 51
[24-Jul-2024 22:43:03 UTC] PHP Fatal error:  Uncaught mysqli_sql_exception: Cannot add or update a child row: a foreign key constraint fails (`sonrisas_sleep`.`notificaciones`, CONSTRAINT `notificacion_ibfk_1` FOREIGN KEY (`id_medico`) REFERENCES `medico` (`id_medico`)) in C:\laragon\www\Proyecto\agendar_cita.php:51
Stack trace:
#0 C:\laragon\www\Proyecto\agendar_cita.php(51): mysqli_stmt->execute()
#1 {main}
  thrown in C:\laragon\www\Proyecto\agendar_cita.php on line 51
[24-Jul-2024 22:43:03 UTC] PHP Fatal error:  Uncaught mysqli_sql_exception: Cannot add or update a child row: a foreign key constraint fails (`sonrisas_sleep`.`notificaciones`, CONSTRAINT `notificacion_ibfk_1` FOREIGN KEY (`id_medico`) REFERENCES `medico` (`id_medico`)) in C:\laragon\www\Proyecto\agendar_cita.php:51
Stack trace:
#0 C:\laragon\www\Proyecto\agendar_cita.php(51): mysqli_stmt->execute()
#1 {main}
  thrown in C:\laragon\www\Proyecto\agendar_cita.php on line 51
[24-Jul-2024 22:52:14 UTC] PHP Fatal error:  Uncaught mysqli_sql_exception: Cannot add or update a child row: a foreign key constraint fails (`sonrisas_sleep`.`notificaciones`, CONSTRAINT `notificacion_ibfk_2` FOREIGN KEY (`id_paciente`) REFERENCES `pacientes` (`id_paciente`)) in C:\laragon\www\Proyecto\agendar_cita.php:62
Stack trace:
#0 C:\laragon\www\Proyecto\agendar_cita.php(62): mysqli_stmt->execute()
#1 {main}
  thrown in C:\laragon\www\Proyecto\agendar_cita.php on line 62
[24-Jul-2024 22:52:15 UTC] PHP Fatal error:  Uncaught mysqli_sql_exception: Cannot add or update a child row: a foreign key constraint fails (`sonrisas_sleep`.`notificaciones`, CONSTRAINT `notificacion_ibfk_2` FOREIGN KEY (`id_paciente`) REFERENCES `pacientes` (`id_paciente`)) in C:\laragon\www\Proyecto\agendar_cita.php:62
Stack trace:
#0 C:\laragon\www\Proyecto\agendar_cita.php(62): mysqli_stmt->execute()
#1 {main}
  thrown in C:\laragon\www\Proyecto\agendar_cita.php on line 62
[24-Jul-2024 22:52:15 UTC] PHP Fatal error:  Uncaught mysqli_sql_exception: Cannot add or update a child row: a foreign key constraint fails (`sonrisas_sleep`.`notificaciones`, CONSTRAINT `notificacion_ibfk_2` FOREIGN KEY (`id_paciente`) REFERENCES `pacientes` (`id_paciente`)) in C:\laragon\www\Proyecto\agendar_cita.php:62
Stack trace:
#0 C:\laragon\www\Proyecto\agendar_cita.php(62): mysqli_stmt->execute()
#1 {main}
  thrown in C:\laragon\www\Proyecto\agendar_cita.php on line 62
[24-Jul-2024 22:52:15 UTC] PHP Fatal error:  Uncaught mysqli_sql_exception: Cannot add or update a child row: a foreign key constraint fails (`sonrisas_sleep`.`notificaciones`, CONSTRAINT `notificacion_ibfk_2` FOREIGN KEY (`id_paciente`) REFERENCES `pacientes` (`id_paciente`)) in C:\laragon\www\Proyecto\agendar_cita.php:62
Stack trace:
#0 C:\laragon\www\Proyecto\agendar_cita.php(62): mysqli_stmt->execute()
#1 {main}
  thrown in C:\laragon\www\Proyecto\agendar_cita.php on line 62
[24-Jul-2024 22:52:15 UTC] PHP Fatal error:  Uncaught mysqli_sql_exception: Cannot add or update a child row: a foreign key constraint fails (`sonrisas_sleep`.`notificaciones`, CONSTRAINT `notificacion_ibfk_2` FOREIGN KEY (`id_paciente`) REFERENCES `pacientes` (`id_paciente`)) in C:\laragon\www\Proyecto\agendar_cita.php:62
Stack trace:
#0 C:\laragon\www\Proyecto\agendar_cita.php(62): mysqli_stmt->execute()
#1 {main}
  thrown in C:\laragon\www\Proyecto\agendar_cita.php on line 62
[24-Jul-2024 22:52:15 UTC] PHP Fatal error:  Uncaught mysqli_sql_exception: Cannot add or update a child row: a foreign key constraint fails (`sonrisas_sleep`.`notificaciones`, CONSTRAINT `notificacion_ibfk_2` FOREIGN KEY (`id_paciente`) REFERENCES `pacientes` (`id_paciente`)) in C:\laragon\www\Proyecto\agendar_cita.php:62
Stack trace:
#0 C:\laragon\www\Proyecto\agendar_cita.php(62): mysqli_stmt->execute()
#1 {main}
  thrown in C:\laragon\www\Proyecto\agendar_cita.php on line 62
[24-Jul-2024 22:52:15 UTC] PHP Fatal error:  Uncaught mysqli_sql_exception: Cannot add or update a child row: a foreign key constraint fails (`sonrisas_sleep`.`notificaciones`, CONSTRAINT `notificacion_ibfk_2` FOREIGN KEY (`id_paciente`) REFERENCES `pacientes` (`id_paciente`)) in C:\laragon\www\Proyecto\agendar_cita.php:62
Stack trace:
#0 C:\laragon\www\Proyecto\agendar_cita.php(62): mysqli_stmt->execute()
#1 {main}
  thrown in C:\laragon\www\Proyecto\agendar_cita.php on line 62
[24-Jul-2024 22:52:15 UTC] PHP Fatal error:  Uncaught mysqli_sql_exception: Cannot add or update a child row: a foreign key constraint fails (`sonrisas_sleep`.`notificaciones`, CONSTRAINT `notificacion_ibfk_2` FOREIGN KEY (`id_paciente`) REFERENCES `pacientes` (`id_paciente`)) in C:\laragon\www\Proyecto\agendar_cita.php:62
Stack trace:
#0 C:\laragon\www\Proyecto\agendar_cita.php(62): mysqli_stmt->execute()
#1 {main}
  thrown in C:\laragon\www\Proyecto\agendar_cita.php on line 62
[24-Jul-2024 22:52:16 UTC] PHP Fatal error:  Uncaught mysqli_sql_exception: Cannot add or update a child row: a foreign key constraint fails (`sonrisas_sleep`.`notificaciones`, CONSTRAINT `notificacion_ibfk_2` FOREIGN KEY (`id_paciente`) REFERENCES `pacientes` (`id_paciente`)) in C:\laragon\www\Proyecto\agendar_cita.php:62
Stack trace:
#0 C:\laragon\www\Proyecto\agendar_cita.php(62): mysqli_stmt->execute()
#1 {main}
  thrown in C:\laragon\www\Proyecto\agendar_cita.php on line 62
[24-Jul-2024 22:52:16 UTC] PHP Fatal error:  Uncaught mysqli_sql_exception: Cannot add or update a child row: a foreign key constraint fails (`sonrisas_sleep`.`notificaciones`, CONSTRAINT `notificacion_ibfk_2` FOREIGN KEY (`id_paciente`) REFERENCES `pacientes` (`id_paciente`)) in C:\laragon\www\Proyecto\agendar_cita.php:62
Stack trace:
#0 C:\laragon\www\Proyecto\agendar_cita.php(62): mysqli_stmt->execute()
#1 {main}
  thrown in C:\laragon\www\Proyecto\agendar_cita.php on line 62
[24-Jul-2024 22:52:16 UTC] PHP Fatal error:  Uncaught mysqli_sql_exception: Cannot add or update a child row: a foreign key constraint fails (`sonrisas_sleep`.`notificaciones`, CONSTRAINT `notificacion_ibfk_2` FOREIGN KEY (`id_paciente`) REFERENCES `pacientes` (`id_paciente`)) in C:\laragon\www\Proyecto\agendar_cita.php:62
Stack trace:
#0 C:\laragon\www\Proyecto\agendar_cita.php(62): mysqli_stmt->execute()
#1 {main}
  thrown in C:\laragon\www\Proyecto\agendar_cita.php on line 62
[24-Jul-2024 22:52:16 UTC] PHP Fatal error:  Uncaught mysqli_sql_exception: Cannot add or update a child row: a foreign key constraint fails (`sonrisas_sleep`.`notificaciones`, CONSTRAINT `notificacion_ibfk_2` FOREIGN KEY (`id_paciente`) REFERENCES `pacientes` (`id_paciente`)) in C:\laragon\www\Proyecto\agendar_cita.php:62
Stack trace:
#0 C:\laragon\www\Proyecto\agendar_cita.php(62): mysqli_stmt->execute()
#1 {main}
  thrown in C:\laragon\www\Proyecto\agendar_cita.php on line 62
[24-Jul-2024 22:52:16 UTC] PHP Fatal error:  Uncaught mysqli_sql_exception: Cannot add or update a child row: a foreign key constraint fails (`sonrisas_sleep`.`notificaciones`, CONSTRAINT `notificacion_ibfk_2` FOREIGN KEY (`id_paciente`) REFERENCES `pacientes` (`id_paciente`)) in C:\laragon\www\Proyecto\agendar_cita.php:62
Stack trace:
#0 C:\laragon\www\Proyecto\agendar_cita.php(62): mysqli_stmt->execute()
#1 {main}
  thrown in C:\laragon\www\Proyecto\agendar_cita.php on line 62
[24-Jul-2024 22:52:24 UTC] PHP Fatal error:  Uncaught mysqli_sql_exception: Cannot add or update a child row: a foreign key constraint fails (`sonrisas_sleep`.`notificaciones`, CONSTRAINT `notificacion_ibfk_2` FOREIGN KEY (`id_paciente`) REFERENCES `pacientes` (`id_paciente`)) in C:\laragon\www\Proyecto\agendar_cita.php:62
Stack trace:
#0 C:\laragon\www\Proyecto\agendar_cita.php(62): mysqli_stmt->execute()
#1 {main}
  thrown in C:\laragon\www\Proyecto\agendar_cita.php on line 62
[24-Jul-2024 22:52:24 UTC] PHP Fatal error:  Uncaught mysqli_sql_exception: Cannot add or update a child row: a foreign key constraint fails (`sonrisas_sleep`.`notificaciones`, CONSTRAINT `notificacion_ibfk_2` FOREIGN KEY (`id_paciente`) REFERENCES `pacientes` (`id_paciente`)) in C:\laragon\www\Proyecto\agendar_cita.php:62
Stack trace:
#0 C:\laragon\www\Proyecto\agendar_cita.php(62): mysqli_stmt->execute()
#1 {main}
  thrown in C:\laragon\www\Proyecto\agendar_cita.php on line 62
[24-Jul-2024 22:52:24 UTC] PHP Fatal error:  Uncaught mysqli_sql_exception: Cannot add or update a child row: a foreign key constraint fails (`sonrisas_sleep`.`notificaciones`, CONSTRAINT `notificacion_ibfk_2` FOREIGN KEY (`id_paciente`) REFERENCES `pacientes` (`id_paciente`)) in C:\laragon\www\Proyecto\agendar_cita.php:62
Stack trace:
#0 C:\laragon\www\Proyecto\agendar_cita.php(62): mysqli_stmt->execute()
#1 {main}
  thrown in C:\laragon\www\Proyecto\agendar_cita.php on line 62
[24-Jul-2024 22:52:25 UTC] PHP Fatal error:  Uncaught mysqli_sql_exception: Cannot add or update a child row: a foreign key constraint fails (`sonrisas_sleep`.`notificaciones`, CONSTRAINT `notificacion_ibfk_2` FOREIGN KEY (`id_paciente`) REFERENCES `pacientes` (`id_paciente`)) in C:\laragon\www\Proyecto\agendar_cita.php:62
Stack trace:
#0 C:\laragon\www\Proyecto\agendar_cita.php(62): mysqli_stmt->execute()
#1 {main}
  thrown in C:\laragon\www\Proyecto\agendar_cita.php on line 62
[24-Jul-2024 22:52:25 UTC] PHP Fatal error:  Uncaught mysqli_sql_exception: Cannot add or update a child row: a foreign key constraint fails (`sonrisas_sleep`.`notificaciones`, CONSTRAINT `notificacion_ibfk_2` FOREIGN KEY (`id_paciente`) REFERENCES `pacientes` (`id_paciente`)) in C:\laragon\www\Proyecto\agendar_cita.php:62
Stack trace:
#0 C:\laragon\www\Proyecto\agendar_cita.php(62): mysqli_stmt->execute()
#1 {main}
  thrown in C:\laragon\www\Proyecto\agendar_cita.php on line 62
[24-Jul-2024 22:52:25 UTC] PHP Fatal error:  Uncaught mysqli_sql_exception: Cannot add or update a child row: a foreign key constraint fails (`sonrisas_sleep`.`notificaciones`, CONSTRAINT `notificacion_ibfk_2` FOREIGN KEY (`id_paciente`) REFERENCES `pacientes` (`id_paciente`)) in C:\laragon\www\Proyecto\agendar_cita.php:62
Stack trace:
#0 C:\laragon\www\Proyecto\agendar_cita.php(62): mysqli_stmt->execute()
#1 {main}
  thrown in C:\laragon\www\Proyecto\agendar_cita.php on line 62
[24-Jul-2024 22:52:25 UTC] PHP Fatal error:  Uncaught mysqli_sql_exception: Cannot add or update a child row: a foreign key constraint fails (`sonrisas_sleep`.`notificaciones`, CONSTRAINT `notificacion_ibfk_2` FOREIGN KEY (`id_paciente`) REFERENCES `pacientes` (`id_paciente`)) in C:\laragon\www\Proyecto\agendar_cita.php:62
Stack trace:
#0 C:\laragon\www\Proyecto\agendar_cita.php(62): mysqli_stmt->execute()
#1 {main}
  thrown in C:\laragon\www\Proyecto\agendar_cita.php on line 62
[24-Jul-2024 22:52:26 UTC] PHP Fatal error:  Uncaught mysqli_sql_exception: Cannot add or update a child row: a foreign key constraint fails (`sonrisas_sleep`.`notificaciones`, CONSTRAINT `notificacion_ibfk_2` FOREIGN KEY (`id_paciente`) REFERENCES `pacientes` (`id_paciente`)) in C:\laragon\www\Proyecto\agendar_cita.php:62
Stack trace:
#0 C:\laragon\www\Proyecto\agendar_cita.php(62): mysqli_stmt->execute()
#1 {main}
  thrown in C:\laragon\www\Proyecto\agendar_cita.php on line 62
[24-Jul-2024 22:52:26 UTC] PHP Fatal error:  Uncaught mysqli_sql_exception: Cannot add or update a child row: a foreign key constraint fails (`sonrisas_sleep`.`notificaciones`, CONSTRAINT `notificacion_ibfk_2` FOREIGN KEY (`id_paciente`) REFERENCES `pacientes` (`id_paciente`)) in C:\laragon\www\Proyecto\agendar_cita.php:62
Stack trace:
#0 C:\laragon\www\Proyecto\agendar_cita.php(62): mysqli_stmt->execute()
#1 {main}
  thrown in C:\laragon\www\Proyecto\agendar_cita.php on line 62
[24-Jul-2024 22:52:26 UTC] PHP Fatal error:  Uncaught mysqli_sql_exception: Cannot add or update a child row: a foreign key constraint fails (`sonrisas_sleep`.`notificaciones`, CONSTRAINT `notificacion_ibfk_2` FOREIGN KEY (`id_paciente`) REFERENCES `pacientes` (`id_paciente`)) in C:\laragon\www\Proyecto\agendar_cita.php:62
Stack trace:
#0 C:\laragon\www\Proyecto\agendar_cita.php(62): mysqli_stmt->execute()
#1 {main}
  thrown in C:\laragon\www\Proyecto\agendar_cita.php on line 62
[24-Jul-2024 22:52:26 UTC] PHP Fatal error:  Uncaught mysqli_sql_exception: Cannot add or update a child row: a foreign key constraint fails (`sonrisas_sleep`.`notificaciones`, CONSTRAINT `notificacion_ibfk_2` FOREIGN KEY (`id_paciente`) REFERENCES `pacientes` (`id_paciente`)) in C:\laragon\www\Proyecto\agendar_cita.php:62
Stack trace:
#0 C:\laragon\www\Proyecto\agendar_cita.php(62): mysqli_stmt->execute()
#1 {main}
  thrown in C:\laragon\www\Proyecto\agendar_cita.php on line 62
[24-Jul-2024 22:52:26 UTC] PHP Fatal error:  Uncaught mysqli_sql_exception: Cannot add or update a child row: a foreign key constraint fails (`sonrisas_sleep`.`notificaciones`, CONSTRAINT `notificacion_ibfk_2` FOREIGN KEY (`id_paciente`) REFERENCES `pacientes` (`id_paciente`)) in C:\laragon\www\Proyecto\agendar_cita.php:62
Stack trace:
#0 C:\laragon\www\Proyecto\agendar_cita.php(62): mysqli_stmt->execute()
#1 {main}
  thrown in C:\laragon\www\Proyecto\agendar_cita.php on line 62
[24-Jul-2024 22:52:26 UTC] PHP Fatal error:  Uncaught mysqli_sql_exception: Cannot add or update a child row: a foreign key constraint fails (`sonrisas_sleep`.`notificaciones`, CONSTRAINT `notificacion_ibfk_2` FOREIGN KEY (`id_paciente`) REFERENCES `pacientes` (`id_paciente`)) in C:\laragon\www\Proyecto\agendar_cita.php:62
Stack trace:
#0 C:\laragon\www\Proyecto\agendar_cita.php(62): mysqli_stmt->execute()
#1 {main}
  thrown in C:\laragon\www\Proyecto\agendar_cita.php on line 62
[24-Jul-2024 22:52:27 UTC] PHP Fatal error:  Uncaught mysqli_sql_exception: Cannot add or update a child row: a foreign key constraint fails (`sonrisas_sleep`.`notificaciones`, CONSTRAINT `notificacion_ibfk_2` FOREIGN KEY (`id_paciente`) REFERENCES `pacientes` (`id_paciente`)) in C:\laragon\www\Proyecto\agendar_cita.php:62
Stack trace:
#0 C:\laragon\www\Proyecto\agendar_cita.php(62): mysqli_stmt->execute()
#1 {main}
  thrown in C:\laragon\www\Proyecto\agendar_cita.php on line 62
[24-Jul-2024 22:52:27 UTC] PHP Fatal error:  Uncaught mysqli_sql_exception: Cannot add or update a child row: a foreign key constraint fails (`sonrisas_sleep`.`notificaciones`, CONSTRAINT `notificacion_ibfk_2` FOREIGN KEY (`id_paciente`) REFERENCES `pacientes` (`id_paciente`)) in C:\laragon\www\Proyecto\agendar_cita.php:62
Stack trace:
#0 C:\laragon\www\Proyecto\agendar_cita.php(62): mysqli_stmt->execute()
#1 {main}
  thrown in C:\laragon\www\Proyecto\agendar_cita.php on line 62
[24-Jul-2024 22:52:27 UTC] PHP Fatal error:  Uncaught mysqli_sql_exception: Cannot add or update a child row: a foreign key constraint fails (`sonrisas_sleep`.`notificaciones`, CONSTRAINT `notificacion_ibfk_2` FOREIGN KEY (`id_paciente`) REFERENCES `pacientes` (`id_paciente`)) in C:\laragon\www\Proyecto\agendar_cita.php:62
Stack trace:
#0 C:\laragon\www\Proyecto\agendar_cita.php(62): mysqli_stmt->execute()
#1 {main}
  thrown in C:\laragon\www\Proyecto\agendar_cita.php on line 62
[24-Jul-2024 22:52:27 UTC] PHP Fatal error:  Uncaught mysqli_sql_exception: Cannot add or update a child row: a foreign key constraint fails (`sonrisas_sleep`.`notificaciones`, CONSTRAINT `notificacion_ibfk_2` FOREIGN KEY (`id_paciente`) REFERENCES `pacientes` (`id_paciente`)) in C:\laragon\www\Proyecto\agendar_cita.php:62
Stack trace:
#0 C:\laragon\www\Proyecto\agendar_cita.php(62): mysqli_stmt->execute()
#1 {main}
  thrown in C:\laragon\www\Proyecto\agendar_cita.php on line 62
[24-Jul-2024 22:52:28 UTC] PHP Fatal error:  Uncaught mysqli_sql_exception: Cannot add or update a child row: a foreign key constraint fails (`sonrisas_sleep`.`notificaciones`, CONSTRAINT `notificacion_ibfk_2` FOREIGN KEY (`id_paciente`) REFERENCES `pacientes` (`id_paciente`)) in C:\laragon\www\Proyecto\agendar_cita.php:62
Stack trace:
#0 C:\laragon\www\Proyecto\agendar_cita.php(62): mysqli_stmt->execute()
#1 {main}
  thrown in C:\laragon\www\Proyecto\agendar_cita.php on line 62
[24-Jul-2024 22:52:28 UTC] PHP Fatal error:  Uncaught mysqli_sql_exception: Cannot add or update a child row: a foreign key constraint fails (`sonrisas_sleep`.`notificaciones`, CONSTRAINT `notificacion_ibfk_2` FOREIGN KEY (`id_paciente`) REFERENCES `pacientes` (`id_paciente`)) in C:\laragon\www\Proyecto\agendar_cita.php:62
Stack trace:
#0 C:\laragon\www\Proyecto\agendar_cita.php(62): mysqli_stmt->execute()
#1 {main}
  thrown in C:\laragon\www\Proyecto\agendar_cita.php on line 62
[24-Jul-2024 22:52:28 UTC] PHP Fatal error:  Uncaught mysqli_sql_exception: Cannot add or update a child row: a foreign key constraint fails (`sonrisas_sleep`.`notificaciones`, CONSTRAINT `notificacion_ibfk_2` FOREIGN KEY (`id_paciente`) REFERENCES `pacientes` (`id_paciente`)) in C:\laragon\www\Proyecto\agendar_cita.php:62
Stack trace:
#0 C:\laragon\www\Proyecto\agendar_cita.php(62): mysqli_stmt->execute()
#1 {main}
  thrown in C:\laragon\www\Proyecto\agendar_cita.php on line 62
[24-Jul-2024 22:53:40 UTC] PHP Fatal error:  Uncaught mysqli_sql_exception: Cannot add or update a child row: a foreign key constraint fails (`sonrisas_sleep`.`notificaciones`, CONSTRAINT `notificacion_ibfk_2` FOREIGN KEY (`id_paciente`) REFERENCES `pacientes` (`id_paciente`)) in C:\laragon\www\Proyecto\agendar_cita.php:92
Stack trace:
#0 C:\laragon\www\Proyecto\agendar_cita.php(92): mysqli_stmt->execute()
#1 {main}
  thrown in C:\laragon\www\Proyecto\agendar_cita.php on line 92
[24-Jul-2024 22:53:41 UTC] PHP Fatal error:  Uncaught mysqli_sql_exception: Cannot add or update a child row: a foreign key constraint fails (`sonrisas_sleep`.`notificaciones`, CONSTRAINT `notificacion_ibfk_2` FOREIGN KEY (`id_paciente`) REFERENCES `pacientes` (`id_paciente`)) in C:\laragon\www\Proyecto\agendar_cita.php:92
Stack trace:
#0 C:\laragon\www\Proyecto\agendar_cita.php(92): mysqli_stmt->execute()
#1 {main}
  thrown in C:\laragon\www\Proyecto\agendar_cita.php on line 92
[24-Jul-2024 22:53:41 UTC] PHP Fatal error:  Uncaught mysqli_sql_exception: Cannot add or update a child row: a foreign key constraint fails (`sonrisas_sleep`.`notificaciones`, CONSTRAINT `notificacion_ibfk_2` FOREIGN KEY (`id_paciente`) REFERENCES `pacientes` (`id_paciente`)) in C:\laragon\www\Proyecto\agendar_cita.php:92
Stack trace:
#0 C:\laragon\www\Proyecto\agendar_cita.php(92): mysqli_stmt->execute()
#1 {main}
  thrown in C:\laragon\www\Proyecto\agendar_cita.php on line 92
[24-Jul-2024 22:53:41 UTC] PHP Fatal error:  Uncaught mysqli_sql_exception: Cannot add or update a child row: a foreign key constraint fails (`sonrisas_sleep`.`notificaciones`, CONSTRAINT `notificacion_ibfk_2` FOREIGN KEY (`id_paciente`) REFERENCES `pacientes` (`id_paciente`)) in C:\laragon\www\Proyecto\agendar_cita.php:92
Stack trace:
#0 C:\laragon\www\Proyecto\agendar_cita.php(92): mysqli_stmt->execute()
#1 {main}
  thrown in C:\laragon\www\Proyecto\agendar_cita.php on line 92
[24-Jul-2024 22:53:49 UTC] PHP Fatal error:  Uncaught mysqli_sql_exception: Cannot add or update a child row: a foreign key constraint fails (`sonrisas_sleep`.`notificaciones`, CONSTRAINT `notificacion_ibfk_2` FOREIGN KEY (`id_paciente`) REFERENCES `pacientes` (`id_paciente`)) in C:\laragon\www\Proyecto\agendar_cita.php:92
Stack trace:
#0 C:\laragon\www\Proyecto\agendar_cita.php(92): mysqli_stmt->execute()
#1 {main}
  thrown in C:\laragon\www\Proyecto\agendar_cita.php on line 92
[24-Jul-2024 22:53:50 UTC] PHP Fatal error:  Uncaught mysqli_sql_exception: Cannot add or update a child row: a foreign key constraint fails (`sonrisas_sleep`.`notificaciones`, CONSTRAINT `notificacion_ibfk_2` FOREIGN KEY (`id_paciente`) REFERENCES `pacientes` (`id_paciente`)) in C:\laragon\www\Proyecto\agendar_cita.php:92
Stack trace:
#0 C:\laragon\www\Proyecto\agendar_cita.php(92): mysqli_stmt->execute()
#1 {main}
  thrown in C:\laragon\www\Proyecto\agendar_cita.php on line 92
[24-Jul-2024 22:53:50 UTC] PHP Fatal error:  Uncaught mysqli_sql_exception: Cannot add or update a child row: a foreign key constraint fails (`sonrisas_sleep`.`notificaciones`, CONSTRAINT `notificacion_ibfk_2` FOREIGN KEY (`id_paciente`) REFERENCES `pacientes` (`id_paciente`)) in C:\laragon\www\Proyecto\agendar_cita.php:92
Stack trace:
#0 C:\laragon\www\Proyecto\agendar_cita.php(92): mysqli_stmt->execute()
#1 {main}
  thrown in C:\laragon\www\Proyecto\agendar_cita.php on line 92
[24-Jul-2024 22:53:50 UTC] PHP Fatal error:  Uncaught mysqli_sql_exception: Cannot add or update a child row: a foreign key constraint fails (`sonrisas_sleep`.`notificaciones`, CONSTRAINT `notificacion_ibfk_2` FOREIGN KEY (`id_paciente`) REFERENCES `pacientes` (`id_paciente`)) in C:\laragon\www\Proyecto\agendar_cita.php:92
Stack trace:
#0 C:\laragon\www\Proyecto\agendar_cita.php(92): mysqli_stmt->execute()
#1 {main}
  thrown in C:\laragon\www\Proyecto\agendar_cita.php on line 92
[24-Jul-2024 22:53:50 UTC] PHP Fatal error:  Uncaught mysqli_sql_exception: Cannot add or update a child row: a foreign key constraint fails (`sonrisas_sleep`.`notificaciones`, CONSTRAINT `notificacion_ibfk_2` FOREIGN KEY (`id_paciente`) REFERENCES `pacientes` (`id_paciente`)) in C:\laragon\www\Proyecto\agendar_cita.php:92
Stack trace:
#0 C:\laragon\www\Proyecto\agendar_cita.php(92): mysqli_stmt->execute()
#1 {main}
  thrown in C:\laragon\www\Proyecto\agendar_cita.php on line 92
[24-Jul-2024 22:53:50 UTC] PHP Fatal error:  Uncaught mysqli_sql_exception: Cannot add or update a child row: a foreign key constraint fails (`sonrisas_sleep`.`notificaciones`, CONSTRAINT `notificacion_ibfk_2` FOREIGN KEY (`id_paciente`) REFERENCES `pacientes` (`id_paciente`)) in C:\laragon\www\Proyecto\agendar_cita.php:92
Stack trace:
#0 C:\laragon\www\Proyecto\agendar_cita.php(92): mysqli_stmt->execute()
#1 {main}
  thrown in C:\laragon\www\Proyecto\agendar_cita.php on line 92
[24-Jul-2024 22:53:50 UTC] PHP Fatal error:  Uncaught mysqli_sql_exception: Cannot add or update a child row: a foreign key constraint fails (`sonrisas_sleep`.`notificaciones`, CONSTRAINT `notificacion_ibfk_2` FOREIGN KEY (`id_paciente`) REFERENCES `pacientes` (`id_paciente`)) in C:\laragon\www\Proyecto\agendar_cita.php:92
Stack trace:
#0 C:\laragon\www\Proyecto\agendar_cita.php(92): mysqli_stmt->execute()
#1 {main}
  thrown in C:\laragon\www\Proyecto\agendar_cita.php on line 92
[24-Jul-2024 22:53:51 UTC] PHP Fatal error:  Uncaught mysqli_sql_exception: Cannot add or update a child row: a foreign key constraint fails (`sonrisas_sleep`.`notificaciones`, CONSTRAINT `notificacion_ibfk_2` FOREIGN KEY (`id_paciente`) REFERENCES `pacientes` (`id_paciente`)) in C:\laragon\www\Proyecto\agendar_cita.php:92
Stack trace:
#0 C:\laragon\www\Proyecto\agendar_cita.php(92): mysqli_stmt->execute()
#1 {main}
  thrown in C:\laragon\www\Proyecto\agendar_cita.php on line 92
[24-Jul-2024 22:53:51 UTC] PHP Fatal error:  Uncaught mysqli_sql_exception: Cannot add or update a child row: a foreign key constraint fails (`sonrisas_sleep`.`notificaciones`, CONSTRAINT `notificacion_ibfk_2` FOREIGN KEY (`id_paciente`) REFERENCES `pacientes` (`id_paciente`)) in C:\laragon\www\Proyecto\agendar_cita.php:92
Stack trace:
#0 C:\laragon\www\Proyecto\agendar_cita.php(92): mysqli_stmt->execute()
#1 {main}
  thrown in C:\laragon\www\Proyecto\agendar_cita.php on line 92
[24-Jul-2024 22:53:51 UTC] PHP Fatal error:  Uncaught mysqli_sql_exception: Cannot add or update a child row: a foreign key constraint fails (`sonrisas_sleep`.`notificaciones`, CONSTRAINT `notificacion_ibfk_2` FOREIGN KEY (`id_paciente`) REFERENCES `pacientes` (`id_paciente`)) in C:\laragon\www\Proyecto\agendar_cita.php:92
Stack trace:
#0 C:\laragon\www\Proyecto\agendar_cita.php(92): mysqli_stmt->execute()
#1 {main}
  thrown in C:\laragon\www\Proyecto\agendar_cita.php on line 92
[24-Jul-2024 22:53:51 UTC] PHP Fatal error:  Uncaught mysqli_sql_exception: Cannot add or update a child row: a foreign key constraint fails (`sonrisas_sleep`.`notificaciones`, CONSTRAINT `notificacion_ibfk_2` FOREIGN KEY (`id_paciente`) REFERENCES `pacientes` (`id_paciente`)) in C:\laragon\www\Proyecto\agendar_cita.php:92
Stack trace:
#0 C:\laragon\www\Proyecto\agendar_cita.php(92): mysqli_stmt->execute()
#1 {main}
  thrown in C:\laragon\www\Proyecto\agendar_cita.php on line 92
[24-Jul-2024 22:53:51 UTC] PHP Fatal error:  Uncaught mysqli_sql_exception: Cannot add or update a child row: a foreign key constraint fails (`sonrisas_sleep`.`notificaciones`, CONSTRAINT `notificacion_ibfk_2` FOREIGN KEY (`id_paciente`) REFERENCES `pacientes` (`id_paciente`)) in C:\laragon\www\Proyecto\agendar_cita.php:92
Stack trace:
#0 C:\laragon\www\Proyecto\agendar_cita.php(92): mysqli_stmt->execute()
#1 {main}
  thrown in C:\laragon\www\Proyecto\agendar_cita.php on line 92
[24-Jul-2024 22:53:54 UTC] PHP Fatal error:  Uncaught mysqli_sql_exception: Cannot add or update a child row: a foreign key constraint fails (`sonrisas_sleep`.`notificaciones`, CONSTRAINT `notificacion_ibfk_2` FOREIGN KEY (`id_paciente`) REFERENCES `pacientes` (`id_paciente`)) in C:\laragon\www\Proyecto\agendar_cita.php:92
Stack trace:
#0 C:\laragon\www\Proyecto\agendar_cita.php(92): mysqli_stmt->execute()
#1 {main}
  thrown in C:\laragon\www\Proyecto\agendar_cita.php on line 92
[24-Jul-2024 22:53:54 UTC] PHP Fatal error:  Uncaught mysqli_sql_exception: Cannot add or update a child row: a foreign key constraint fails (`sonrisas_sleep`.`notificaciones`, CONSTRAINT `notificacion_ibfk_2` FOREIGN KEY (`id_paciente`) REFERENCES `pacientes` (`id_paciente`)) in C:\laragon\www\Proyecto\agendar_cita.php:92
Stack trace:
#0 C:\laragon\www\Proyecto\agendar_cita.php(92): mysqli_stmt->execute()
#1 {main}
  thrown in C:\laragon\www\Proyecto\agendar_cita.php on line 92
[24-Jul-2024 22:53:54 UTC] PHP Fatal error:  Uncaught mysqli_sql_exception: Cannot add or update a child row: a foreign key constraint fails (`sonrisas_sleep`.`notificaciones`, CONSTRAINT `notificacion_ibfk_2` FOREIGN KEY (`id_paciente`) REFERENCES `pacientes` (`id_paciente`)) in C:\laragon\www\Proyecto\agendar_cita.php:92
Stack trace:
#0 C:\laragon\www\Proyecto\agendar_cita.php(92): mysqli_stmt->execute()
#1 {main}
  thrown in C:\laragon\www\Proyecto\agendar_cita.php on line 92
[24-Jul-2024 22:53:55 UTC] PHP Fatal error:  Uncaught mysqli_sql_exception: Cannot add or update a child row: a foreign key constraint fails (`sonrisas_sleep`.`notificaciones`, CONSTRAINT `notificacion_ibfk_2` FOREIGN KEY (`id_paciente`) REFERENCES `pacientes` (`id_paciente`)) in C:\laragon\www\Proyecto\agendar_cita.php:92
Stack trace:
#0 C:\laragon\www\Proyecto\agendar_cita.php(92): mysqli_stmt->execute()
#1 {main}
  thrown in C:\laragon\www\Proyecto\agendar_cita.php on line 92
[24-Jul-2024 22:53:55 UTC] PHP Fatal error:  Uncaught mysqli_sql_exception: Cannot add or update a child row: a foreign key constraint fails (`sonrisas_sleep`.`notificaciones`, CONSTRAINT `notificacion_ibfk_2` FOREIGN KEY (`id_paciente`) REFERENCES `pacientes` (`id_paciente`)) in C:\laragon\www\Proyecto\agendar_cita.php:92
Stack trace:
#0 C:\laragon\www\Proyecto\agendar_cita.php(92): mysqli_stmt->execute()
#1 {main}
  thrown in C:\laragon\www\Proyecto\agendar_cita.php on line 92
[24-Jul-2024 22:53:56 UTC] PHP Fatal error:  Uncaught mysqli_sql_exception: Cannot add or update a child row: a foreign key constraint fails (`sonrisas_sleep`.`notificaciones`, CONSTRAINT `notificacion_ibfk_2` FOREIGN KEY (`id_paciente`) REFERENCES `pacientes` (`id_paciente`)) in C:\laragon\www\Proyecto\agendar_cita.php:92
Stack trace:
#0 C:\laragon\www\Proyecto\agendar_cita.php(92): mysqli_stmt->execute()
#1 {main}
  thrown in C:\laragon\www\Proyecto\agendar_cita.php on line 92
[24-Jul-2024 22:56:23 UTC] PHP Fatal error:  Uncaught mysqli_sql_exception: Cannot add or update a child row: a foreign key constraint fails (`sonrisas_sleep`.`notificaciones`, CONSTRAINT `notificacion_ibfk_2` FOREIGN KEY (`id_paciente`) REFERENCES `pacientes` (`id_paciente`)) in C:\laragon\www\Proyecto\agendar_cita.php:112
Stack trace:
#0 C:\laragon\www\Proyecto\agendar_cita.php(112): mysqli_stmt->execute()
#1 {main}
  thrown in C:\laragon\www\Proyecto\agendar_cita.php on line 112
[24-Jul-2024 22:56:23 UTC] PHP Fatal error:  Uncaught mysqli_sql_exception: Cannot add or update a child row: a foreign key constraint fails (`sonrisas_sleep`.`notificaciones`, CONSTRAINT `notificacion_ibfk_2` FOREIGN KEY (`id_paciente`) REFERENCES `pacientes` (`id_paciente`)) in C:\laragon\www\Proyecto\agendar_cita.php:112
Stack trace:
#0 C:\laragon\www\Proyecto\agendar_cita.php(112): mysqli_stmt->execute()
#1 {main}
  thrown in C:\laragon\www\Proyecto\agendar_cita.php on line 112
[24-Jul-2024 22:56:23 UTC] PHP Fatal error:  Uncaught mysqli_sql_exception: Cannot add or update a child row: a foreign key constraint fails (`sonrisas_sleep`.`notificaciones`, CONSTRAINT `notificacion_ibfk_2` FOREIGN KEY (`id_paciente`) REFERENCES `pacientes` (`id_paciente`)) in C:\laragon\www\Proyecto\agendar_cita.php:112
Stack trace:
#0 C:\laragon\www\Proyecto\agendar_cita.php(112): mysqli_stmt->execute()
#1 {main}
  thrown in C:\laragon\www\Proyecto\agendar_cita.php on line 112
[24-Jul-2024 22:56:30 UTC] PHP Fatal error:  Uncaught mysqli_sql_exception: Cannot add or update a child row: a foreign key constraint fails (`sonrisas_sleep`.`notificaciones`, CONSTRAINT `notificacion_ibfk_2` FOREIGN KEY (`id_paciente`) REFERENCES `pacientes` (`id_paciente`)) in C:\laragon\www\Proyecto\agendar_cita.php:112
Stack trace:
#0 C:\laragon\www\Proyecto\agendar_cita.php(112): mysqli_stmt->execute()
#1 {main}
  thrown in C:\laragon\www\Proyecto\agendar_cita.php on line 112
[24-Jul-2024 22:56:30 UTC] PHP Fatal error:  Uncaught mysqli_sql_exception: Cannot add or update a child row: a foreign key constraint fails (`sonrisas_sleep`.`notificaciones`, CONSTRAINT `notificacion_ibfk_2` FOREIGN KEY (`id_paciente`) REFERENCES `pacientes` (`id_paciente`)) in C:\laragon\www\Proyecto\agendar_cita.php:112
Stack trace:
#0 C:\laragon\www\Proyecto\agendar_cita.php(112): mysqli_stmt->execute()
#1 {main}
  thrown in C:\laragon\www\Proyecto\agendar_cita.php on line 112
[24-Jul-2024 22:56:30 UTC] PHP Fatal error:  Uncaught mysqli_sql_exception: Cannot add or update a child row: a foreign key constraint fails (`sonrisas_sleep`.`notificaciones`, CONSTRAINT `notificacion_ibfk_2` FOREIGN KEY (`id_paciente`) REFERENCES `pacientes` (`id_paciente`)) in C:\laragon\www\Proyecto\agendar_cita.php:112
Stack trace:
#0 C:\laragon\www\Proyecto\agendar_cita.php(112): mysqli_stmt->execute()
#1 {main}
  thrown in C:\laragon\www\Proyecto\agendar_cita.php on line 112
[24-Jul-2024 22:56:31 UTC] PHP Fatal error:  Uncaught mysqli_sql_exception: Cannot add or update a child row: a foreign key constraint fails (`sonrisas_sleep`.`notificaciones`, CONSTRAINT `notificacion_ibfk_2` FOREIGN KEY (`id_paciente`) REFERENCES `pacientes` (`id_paciente`)) in C:\laragon\www\Proyecto\agendar_cita.php:112
Stack trace:
#0 C:\laragon\www\Proyecto\agendar_cita.php(112): mysqli_stmt->execute()
#1 {main}
  thrown in C:\laragon\www\Proyecto\agendar_cita.php on line 112
[24-Jul-2024 22:56:31 UTC] PHP Fatal error:  Uncaught mysqli_sql_exception: Cannot add or update a child row: a foreign key constraint fails (`sonrisas_sleep`.`notificaciones`, CONSTRAINT `notificacion_ibfk_2` FOREIGN KEY (`id_paciente`) REFERENCES `pacientes` (`id_paciente`)) in C:\laragon\www\Proyecto\agendar_cita.php:112
Stack trace:
#0 C:\laragon\www\Proyecto\agendar_cita.php(112): mysqli_stmt->execute()
#1 {main}
  thrown in C:\laragon\www\Proyecto\agendar_cita.php on line 112
[26-Jul-2024 16:30:40 UTC] ID del usuario obtenido: 3
[26-Jul-2024 16:30:40 UTC] No se encontró el ID del paciente para el id_usuario: 3
[26-Jul-2024 16:30:54 UTC] ID del usuario obtenido: 3
[26-Jul-2024 16:30:54 UTC] No se encontró el ID del paciente para el id_usuario: 3
[26-Jul-2024 16:34:50 UTC] ID del usuario obtenido: 3
[26-Jul-2024 16:34:50 UTC] No se encontró el ID del paciente para el id_usuario: 3
[26-Jul-2024 16:35:18 UTC] ID del usuario obtenido: 3
[26-Jul-2024 16:35:18 UTC] No se encontró el ID del paciente para el id_usuario: 3
[26-Jul-2024 16:38:41 UTC] ID del usuario obtenido: 3
[26-Jul-2024 16:38:43 UTC] ID del usuario obtenido: 3
[26-Jul-2024 16:39:07 UTC] ID del usuario obtenido: 3
[26-Jul-2024 16:40:48 UTC] ID del usuario obtenido: 3
[26-Jul-2024 16:40:50 UTC] ID del usuario obtenido: 3
[26-Jul-2024 16:48:51 UTC] ID del usuario obtenido: 3
[26-Jul-2024 16:48:51 UTC] El ID del paciente no es válido para el id_usuario: 3
[26-Jul-2024 16:59:57 UTC] ID del usuario obtenido: 3
[26-Jul-2024 16:59:57 UTC] Tipo de usuario obtenido: 2
[26-Jul-2024 16:59:57 UTC] El usuario no es un paciente: 3
[26-Jul-2024 17:01:16 UTC] ID del usuario obtenido: 2
[26-Jul-2024 17:01:16 UTC] Tipo de usuario obtenido: 1
[26-Jul-2024 17:01:16 UTC] ID del paciente obtenido: 1
[26-Jul-2024 17:01:16 UTC] ID del médico válido obtenido: 1
[26-Jul-2024 17:01:16 UTC] Notificación insertada correctamente.
[26-Jul-2024 17:01:16 UTC] Cita insertada correctamente.
[26-Jul-2024 17:08:01 UTC] ID del usuario obtenido: 3
[26-Jul-2024 17:08:01 UTC] Tipo de usuario obtenido: 2
[26-Jul-2024 17:08:01 UTC] El usuario no es un paciente: 3
[26-Jul-2024 17:08:22 UTC] ID del usuario obtenido: 2
[26-Jul-2024 17:08:22 UTC] Tipo de usuario obtenido: 1
[26-Jul-2024 17:08:22 UTC] ID del paciente obtenido: 1
[26-Jul-2024 17:08:22 UTC] ID del médico válido obtenido: 1
[26-Jul-2024 17:08:22 UTC] Notificación insertada correctamente.
[26-Jul-2024 17:08:22 UTC] Cita insertada correctamente.
[05-Aug-2024 05:33:20 UTC] PHP Warning:  Undefined array key "fecha" in C:\laragon\www\Proyecto Azul\Proyecto_Azul_Configurado\Proyecto_Azul\Proyecto Azul\Proyecto\agendar_cita.php on line 26
[05-Aug-2024 05:33:20 UTC] PHP Warning:  Undefined array key "hora" in C:\laragon\www\Proyecto Azul\Proyecto_Azul_Configurado\Proyecto_Azul\Proyecto Azul\Proyecto\agendar_cita.php on line 27
[05-Aug-2024 05:33:20 UTC] PHP Warning:  Undefined array key "medico" in C:\laragon\www\Proyecto Azul\Proyecto_Azul_Configurado\Proyecto_Azul\Proyecto Azul\Proyecto\agendar_cita.php on line 28
[05-Aug-2024 05:33:20 UTC] ID del usuario obtenido: 2
[05-Aug-2024 05:33:20 UTC] Tipo de usuario obtenido: 1
[05-Aug-2024 05:33:20 UTC] ID del paciente obtenido: 1
[05-Aug-2024 05:33:20 UTC] El ID del médico no es válido: 
[05-Aug-2024 05:35:15 UTC] ID del usuario obtenido: 2
[05-Aug-2024 05:35:15 UTC] Tipo de usuario obtenido: 1
[05-Aug-2024 05:35:15 UTC] ID del paciente obtenido: 1
[05-Aug-2024 05:35:15 UTC] ID del médico válido obtenido: 2
[05-Aug-2024 05:35:15 UTC] Notificación insertada correctamente.
[05-Aug-2024 05:35:15 UTC] Cita insertada correctamente.
[05-Aug-2024 05:35:41 UTC] ID del usuario obtenido: 2
[05-Aug-2024 05:35:41 UTC] Tipo de usuario obtenido: 1
[05-Aug-2024 05:35:41 UTC] ID del paciente obtenido: 1
[05-Aug-2024 05:35:41 UTC] ID del médico válido obtenido: 2
[05-Aug-2024 05:35:41 UTC] Notificación insertada correctamente.
[05-Aug-2024 05:35:41 UTC] Cita insertada correctamente.
[06-Aug-2024 01:25:11 UTC] ID del usuario obtenido: 2
[06-Aug-2024 01:25:11 UTC] Tipo de usuario obtenido: 1
[06-Aug-2024 01:25:11 UTC] ID del paciente obtenido: 1
[06-Aug-2024 01:25:11 UTC] ID del médico válido obtenido: 2
[06-Aug-2024 01:25:11 UTC] Notificación insertada correctamente.
[06-Aug-2024 01:25:11 UTC] Cita insertada correctamente.
[06-Aug-2024 20:25:42 UTC] ID del usuario obtenido: 7
[06-Aug-2024 20:25:42 UTC] Tipo de usuario obtenido: 1
[06-Aug-2024 20:25:42 UTC] ID del paciente obtenido: 3
[06-Aug-2024 20:25:42 UTC] El ID del médico no es válido: 4
[06-Aug-2024 20:25:54 UTC] ID del usuario obtenido: 7
[06-Aug-2024 20:25:54 UTC] Tipo de usuario obtenido: 1
[06-Aug-2024 20:25:54 UTC] ID del paciente obtenido: 3
[06-Aug-2024 20:25:54 UTC] El ID del médico no es válido: 4
[06-Aug-2024 20:29:37 UTC] ID del usuario obtenido: 7
[06-Aug-2024 20:29:37 UTC] Tipo de usuario obtenido: 1
[06-Aug-2024 20:29:37 UTC] ID del paciente obtenido: 3
[06-Aug-2024 20:29:37 UTC] El ID del médico no es válido: 4
[06-Aug-2024 20:31:35 UTC] ID del usuario obtenido: 7
[06-Aug-2024 20:31:35 UTC] Tipo de usuario obtenido: 1
[06-Aug-2024 20:31:35 UTC] ID del paciente obtenido: 3
[06-Aug-2024 20:31:35 UTC] El ID del médico no es válido: 4
[06-Aug-2024 20:33:48 UTC] ID del usuario obtenido: 7
[06-Aug-2024 20:33:48 UTC] Tipo de usuario obtenido: 1
[06-Aug-2024 20:33:48 UTC] ID del paciente obtenido: 3
[06-Aug-2024 20:33:48 UTC] ID del médico recibido: 4
[06-Aug-2024 20:33:48 UTC] El ID del médico no es válido: 4
[06-Aug-2024 20:38:06 UTC] ID del usuario obtenido: 7
[06-Aug-2024 20:38:06 UTC] Tipo de usuario obtenido: 1
[06-Aug-2024 20:38:06 UTC] ID del paciente obtenido: 3
[06-Aug-2024 20:38:06 UTC] ID del médico válido obtenido: 2
[06-Aug-2024 20:38:06 UTC] Notificación insertada correctamente.
[06-Aug-2024 20:38:06 UTC] Cita insertada correctamente.
[06-Aug-2024 20:38:17 UTC] ID del usuario obtenido: 7
[06-Aug-2024 20:38:17 UTC] Tipo de usuario obtenido: 1
[06-Aug-2024 20:38:17 UTC] ID del paciente obtenido: 3
[06-Aug-2024 20:38:17 UTC] ID del médico válido obtenido: 2
[06-Aug-2024 20:38:17 UTC] Notificación insertada correctamente.
[06-Aug-2024 20:38:17 UTC] Cita insertada correctamente.
[06-Aug-2024 20:47:02 UTC] ID del usuario obtenido: 2
[06-Aug-2024 20:47:02 UTC] Tipo de usuario obtenido: 1
[06-Aug-2024 20:47:02 UTC] ID del paciente obtenido: 1
[06-Aug-2024 20:47:02 UTC] ID del médico válido obtenido: 1
[06-Aug-2024 20:47:02 UTC] Notificación insertada correctamente.
[06-Aug-2024 20:47:02 UTC] Cita insertada correctamente.
[06-Aug-2024 20:49:52 UTC] ID del usuario obtenido: 2
[06-Aug-2024 20:49:52 UTC] Tipo de usuario obtenido: 1
[06-Aug-2024 20:49:52 UTC] ID del paciente obtenido: 1
[06-Aug-2024 20:49:52 UTC] ID del médico válido obtenido: 1
[06-Aug-2024 20:49:52 UTC] Notificación insertada correctamente.
[06-Aug-2024 20:49:52 UTC] Cita insertada correctamente.
[06-Aug-2024 20:49:55 UTC] ID del usuario obtenido: 2
[06-Aug-2024 20:49:55 UTC] Tipo de usuario obtenido: 1
[06-Aug-2024 20:49:55 UTC] ID del paciente obtenido: 1
[06-Aug-2024 20:49:55 UTC] ID del médico válido obtenido: 1
[06-Aug-2024 20:49:55 UTC] Notificación insertada correctamente.
[06-Aug-2024 20:49:55 UTC] Cita insertada correctamente.
[06-Aug-2024 20:57:45 UTC] ID del usuario obtenido: 2
[06-Aug-2024 20:57:45 UTC] Tipo de usuario obtenido: 1
[06-Aug-2024 20:57:45 UTC] ID del paciente obtenido: 1
[06-Aug-2024 20:57:45 UTC] ID del médico válido obtenido: 1
[06-Aug-2024 20:57:45 UTC] Notificación insertada correctamente.
[06-Aug-2024 20:57:45 UTC] Cita insertada correctamente.
[06-Aug-2024 20:59:35 UTC] ID del usuario obtenido: 2
[06-Aug-2024 20:59:35 UTC] Tipo de usuario obtenido: 1
[06-Aug-2024 20:59:35 UTC] ID del paciente obtenido: 1
[06-Aug-2024 20:59:35 UTC] ID del médico válido obtenido: 1
[06-Aug-2024 20:59:35 UTC] Notificación insertada correctamente.
[06-Aug-2024 20:59:35 UTC] Cita insertada correctamente.
[06-Aug-2024 21:06:12 UTC] ID del usuario obtenido: 2
[06-Aug-2024 21:06:12 UTC] Tipo de usuario obtenido: 1
[06-Aug-2024 21:06:12 UTC] ID del paciente obtenido: 1
[06-Aug-2024 21:06:12 UTC] ID del médico válido obtenido: 2
[06-Aug-2024 21:06:12 UTC] Notificación insertada correctamente.
[06-Aug-2024 21:06:12 UTC] Cita insertada correctamente.
[06-Aug-2024 21:07:00 UTC] ID del médico obtenido: 2
[06-Aug-2024 21:07:00 UTC] PHP Fatal error:  Uncaught mysqli_sql_exception: Table 'sonrisas_sleep.citas' doesn't exist in C:\laragon\www\Proyecto\responder_notificacion.php:93
Stack trace:
#0 C:\laragon\www\Proyecto\responder_notificacion.php(93): mysqli->prepare('INSERT INTO cit...')
#1 {main}
  thrown in C:\laragon\www\Proyecto\responder_notificacion.php on line 93
[06-Aug-2024 21:07:56 UTC] ID del médico obtenido: 2
[06-Aug-2024 21:07:56 UTC] PHP Fatal error:  Uncaught mysqli_sql_exception: Table 'sonrisas_sleep.citas' doesn't exist in C:\laragon\www\Proyecto\responder_notificacion.php:93
Stack trace:
#0 C:\laragon\www\Proyecto\responder_notificacion.php(93): mysqli->prepare('INSERT INTO cit...')
#1 {main}
  thrown in C:\laragon\www\Proyecto\responder_notificacion.php on line 93
[06-Aug-2024 21:10:39 UTC] ID del usuario obtenido: 2
[06-Aug-2024 21:10:39 UTC] Tipo de usuario obtenido: 1
[06-Aug-2024 21:10:39 UTC] ID del paciente obtenido: 1
[06-Aug-2024 21:10:39 UTC] ID del médico válido obtenido: 2
[06-Aug-2024 21:10:39 UTC] Notificación insertada correctamente.
[06-Aug-2024 21:10:39 UTC] Cita insertada correctamente.
[06-Aug-2024 21:17:04 UTC] ID del usuario obtenido: 2
[06-Aug-2024 21:17:04 UTC] Tipo de usuario obtenido: 1
[06-Aug-2024 21:17:04 UTC] ID del paciente obtenido: 1
[06-Aug-2024 21:17:04 UTC] ID del médico válido obtenido: 2
[06-Aug-2024 21:17:04 UTC] Notificación insertada correctamente.
[06-Aug-2024 21:17:04 UTC] Cita insertada correctamente.
[07-Aug-2024 07:01:34 UTC] PHP Warning:  Undefined array key "fecha" in C:\laragon\www\Proyecto\agendar_cita.php on line 26
[07-Aug-2024 07:01:34 UTC] PHP Warning:  Undefined array key "hora" in C:\laragon\www\Proyecto\agendar_cita.php on line 27
[07-Aug-2024 07:01:34 UTC] PHP Warning:  Undefined array key "medico" in C:\laragon\www\Proyecto\agendar_cita.php on line 28
[07-Aug-2024 07:01:34 UTC] ID del usuario obtenido: 8
[07-Aug-2024 07:01:34 UTC] Tipo de usuario obtenido: 1
[07-Aug-2024 07:01:34 UTC] ID del paciente obtenido: 4
[07-Aug-2024 07:01:34 UTC] El ID del médico no es válido: 
[07-Aug-2024 07:01:34 UTC] PHP Warning:  Undefined array key "fecha" in C:\laragon\www\Proyecto\agendar_cita.php on line 26
[07-Aug-2024 07:01:34 UTC] PHP Warning:  Undefined array key "hora" in C:\laragon\www\Proyecto\agendar_cita.php on line 27
[07-Aug-2024 07:01:34 UTC] PHP Warning:  Undefined array key "medico" in C:\laragon\www\Proyecto\agendar_cita.php on line 28
[07-Aug-2024 07:01:34 UTC] ID del usuario obtenido: 8
[07-Aug-2024 07:01:34 UTC] Tipo de usuario obtenido: 1
[07-Aug-2024 07:01:34 UTC] ID del paciente obtenido: 4
[07-Aug-2024 07:01:34 UTC] El ID del médico no es válido: 
[07-Aug-2024 07:01:34 UTC] PHP Warning:  Undefined array key "fecha" in C:\laragon\www\Proyecto\agendar_cita.php on line 26
[07-Aug-2024 07:01:34 UTC] PHP Warning:  Undefined array key "hora" in C:\laragon\www\Proyecto\agendar_cita.php on line 27
[07-Aug-2024 07:01:34 UTC] PHP Warning:  Undefined array key "medico" in C:\laragon\www\Proyecto\agendar_cita.php on line 28
[07-Aug-2024 07:01:34 UTC] ID del usuario obtenido: 8
[07-Aug-2024 07:01:34 UTC] Tipo de usuario obtenido: 1
[07-Aug-2024 07:01:34 UTC] ID del paciente obtenido: 4
[07-Aug-2024 07:01:34 UTC] El ID del médico no es válido: 
[07-Aug-2024 07:01:35 UTC] PHP Warning:  Undefined array key "fecha" in C:\laragon\www\Proyecto\agendar_cita.php on line 26
[07-Aug-2024 07:01:35 UTC] PHP Warning:  Undefined array key "hora" in C:\laragon\www\Proyecto\agendar_cita.php on line 27
[07-Aug-2024 07:01:35 UTC] PHP Warning:  Undefined array key "medico" in C:\laragon\www\Proyecto\agendar_cita.php on line 28
[07-Aug-2024 07:01:35 UTC] ID del usuario obtenido: 8
[07-Aug-2024 07:01:35 UTC] Tipo de usuario obtenido: 1
[07-Aug-2024 07:01:35 UTC] ID del paciente obtenido: 4
[07-Aug-2024 07:01:35 UTC] El ID del médico no es válido: 
[07-Aug-2024 07:01:35 UTC] PHP Warning:  Undefined array key "fecha" in C:\laragon\www\Proyecto\agendar_cita.php on line 26
[07-Aug-2024 07:01:35 UTC] PHP Warning:  Undefined array key "hora" in C:\laragon\www\Proyecto\agendar_cita.php on line 27
[07-Aug-2024 07:01:35 UTC] PHP Warning:  Undefined array key "medico" in C:\laragon\www\Proyecto\agendar_cita.php on line 28
[07-Aug-2024 07:01:35 UTC] ID del usuario obtenido: 8
[07-Aug-2024 07:01:35 UTC] Tipo de usuario obtenido: 1
[07-Aug-2024 07:01:35 UTC] ID del paciente obtenido: 4
[07-Aug-2024 07:01:35 UTC] El ID del médico no es válido: 
[07-Aug-2024 07:01:35 UTC] PHP Warning:  Undefined array key "fecha" in C:\laragon\www\Proyecto\agendar_cita.php on line 26
[07-Aug-2024 07:01:35 UTC] PHP Warning:  Undefined array key "hora" in C:\laragon\www\Proyecto\agendar_cita.php on line 27
[07-Aug-2024 07:01:35 UTC] PHP Warning:  Undefined array key "medico" in C:\laragon\www\Proyecto\agendar_cita.php on line 28
[07-Aug-2024 07:01:35 UTC] ID del usuario obtenido: 8
[07-Aug-2024 07:01:35 UTC] Tipo de usuario obtenido: 1
[07-Aug-2024 07:01:35 UTC] ID del paciente obtenido: 4
[07-Aug-2024 07:01:35 UTC] El ID del médico no es válido: 
[07-Aug-2024 07:01:35 UTC] PHP Warning:  Undefined array key "fecha" in C:\laragon\www\Proyecto\agendar_cita.php on line 26
[07-Aug-2024 07:01:35 UTC] PHP Warning:  Undefined array key "hora" in C:\laragon\www\Proyecto\agendar_cita.php on line 27
[07-Aug-2024 07:01:35 UTC] PHP Warning:  Undefined array key "medico" in C:\laragon\www\Proyecto\agendar_cita.php on line 28
[07-Aug-2024 07:01:35 UTC] ID del usuario obtenido: 8
[07-Aug-2024 07:01:35 UTC] Tipo de usuario obtenido: 1
[07-Aug-2024 07:01:35 UTC] ID del paciente obtenido: 4
[07-Aug-2024 07:01:35 UTC] El ID del médico no es válido: 
[07-Aug-2024 07:01:35 UTC] PHP Warning:  Undefined array key "fecha" in C:\laragon\www\Proyecto\agendar_cita.php on line 26
[07-Aug-2024 07:01:35 UTC] PHP Warning:  Undefined array key "hora" in C:\laragon\www\Proyecto\agendar_cita.php on line 27
[07-Aug-2024 07:01:35 UTC] PHP Warning:  Undefined array key "medico" in C:\laragon\www\Proyecto\agendar_cita.php on line 28
[07-Aug-2024 07:01:35 UTC] ID del usuario obtenido: 8
[07-Aug-2024 07:01:35 UTC] Tipo de usuario obtenido: 1
[07-Aug-2024 07:01:35 UTC] ID del paciente obtenido: 4
[07-Aug-2024 07:01:35 UTC] El ID del médico no es válido: 
[07-Aug-2024 07:25:02 UTC] PHP Warning:  Undefined array key "fecha" in C:\laragon\www\Proyecto\agendar_cita.php on line 26
[07-Aug-2024 07:25:02 UTC] PHP Warning:  Undefined array key "hora" in C:\laragon\www\Proyecto\agendar_cita.php on line 27
[07-Aug-2024 07:25:02 UTC] PHP Warning:  Undefined array key "medico" in C:\laragon\www\Proyecto\agendar_cita.php on line 28
[07-Aug-2024 07:25:02 UTC] ID del usuario obtenido: 8
[07-Aug-2024 07:25:02 UTC] Tipo de usuario obtenido: 1
[07-Aug-2024 07:25:02 UTC] ID del paciente obtenido: 4
[07-Aug-2024 07:25:02 UTC] El ID del médico no es válido: 
[07-Aug-2024 07:25:03 UTC] PHP Warning:  Undefined array key "fecha" in C:\laragon\www\Proyecto\agendar_cita.php on line 26
[07-Aug-2024 07:25:03 UTC] PHP Warning:  Undefined array key "hora" in C:\laragon\www\Proyecto\agendar_cita.php on line 27
[07-Aug-2024 07:25:03 UTC] PHP Warning:  Undefined array key "medico" in C:\laragon\www\Proyecto\agendar_cita.php on line 28
[07-Aug-2024 07:25:03 UTC] ID del usuario obtenido: 8
[07-Aug-2024 07:25:03 UTC] Tipo de usuario obtenido: 1
[07-Aug-2024 07:25:03 UTC] ID del paciente obtenido: 4
[07-Aug-2024 07:25:03 UTC] El ID del médico no es válido: 
[07-Aug-2024 07:25:03 UTC] PHP Warning:  Undefined array key "fecha" in C:\laragon\www\Proyecto\agendar_cita.php on line 26
[07-Aug-2024 07:25:03 UTC] PHP Warning:  Undefined array key "hora" in C:\laragon\www\Proyecto\agendar_cita.php on line 27
[07-Aug-2024 07:25:03 UTC] PHP Warning:  Undefined array key "medico" in C:\laragon\www\Proyecto\agendar_cita.php on line 28
[07-Aug-2024 07:25:03 UTC] ID del usuario obtenido: 8
[07-Aug-2024 07:25:03 UTC] Tipo de usuario obtenido: 1
[07-Aug-2024 07:25:03 UTC] ID del paciente obtenido: 4
[07-Aug-2024 07:25:03 UTC] El ID del médico no es válido: 
[07-Aug-2024 07:25:03 UTC] PHP Warning:  Undefined array key "fecha" in C:\laragon\www\Proyecto\agendar_cita.php on line 26
[07-Aug-2024 07:25:03 UTC] PHP Warning:  Undefined array key "hora" in C:\laragon\www\Proyecto\agendar_cita.php on line 27
[07-Aug-2024 07:25:03 UTC] PHP Warning:  Undefined array key "medico" in C:\laragon\www\Proyecto\agendar_cita.php on line 28
[07-Aug-2024 07:25:03 UTC] ID del usuario obtenido: 8
[07-Aug-2024 07:25:03 UTC] Tipo de usuario obtenido: 1
[07-Aug-2024 07:25:03 UTC] ID del paciente obtenido: 4
[07-Aug-2024 07:25:03 UTC] El ID del médico no es válido: 
[07-Aug-2024 07:25:03 UTC] PHP Warning:  Undefined array key "fecha" in C:\laragon\www\Proyecto\agendar_cita.php on line 26
[07-Aug-2024 07:25:03 UTC] PHP Warning:  Undefined array key "hora" in C:\laragon\www\Proyecto\agendar_cita.php on line 27
[07-Aug-2024 07:25:03 UTC] PHP Warning:  Undefined array key "medico" in C:\laragon\www\Proyecto\agendar_cita.php on line 28
[07-Aug-2024 07:25:03 UTC] ID del usuario obtenido: 8
[07-Aug-2024 07:25:03 UTC] Tipo de usuario obtenido: 1
[07-Aug-2024 07:25:03 UTC] ID del paciente obtenido: 4
[07-Aug-2024 07:25:03 UTC] El ID del médico no es válido: 
[07-Aug-2024 07:25:03 UTC] PHP Warning:  Undefined array key "fecha" in C:\laragon\www\Proyecto\agendar_cita.php on line 26
[07-Aug-2024 07:25:03 UTC] PHP Warning:  Undefined array key "hora" in C:\laragon\www\Proyecto\agendar_cita.php on line 27
[07-Aug-2024 07:25:03 UTC] PHP Warning:  Undefined array key "medico" in C:\laragon\www\Proyecto\agendar_cita.php on line 28
[07-Aug-2024 07:25:03 UTC] ID del usuario obtenido: 8
[07-Aug-2024 07:25:03 UTC] Tipo de usuario obtenido: 1
[07-Aug-2024 07:25:03 UTC] ID del paciente obtenido: 4
[07-Aug-2024 07:25:03 UTC] El ID del médico no es válido: 
[07-Aug-2024 07:25:03 UTC] PHP Warning:  Undefined array key "fecha" in C:\laragon\www\Proyecto\agendar_cita.php on line 26
[07-Aug-2024 07:25:03 UTC] PHP Warning:  Undefined array key "hora" in C:\laragon\www\Proyecto\agendar_cita.php on line 27
[07-Aug-2024 07:25:03 UTC] PHP Warning:  Undefined array key "medico" in C:\laragon\www\Proyecto\agendar_cita.php on line 28
[07-Aug-2024 07:25:03 UTC] ID del usuario obtenido: 8
[07-Aug-2024 07:25:03 UTC] Tipo de usuario obtenido: 1
[07-Aug-2024 07:25:03 UTC] ID del paciente obtenido: 4
[07-Aug-2024 07:25:03 UTC] El ID del médico no es válido: 
[07-Aug-2024 07:25:03 UTC] PHP Warning:  Undefined array key "fecha" in C:\laragon\www\Proyecto\agendar_cita.php on line 26
[07-Aug-2024 07:25:03 UTC] PHP Warning:  Undefined array key "hora" in C:\laragon\www\Proyecto\agendar_cita.php on line 27
[07-Aug-2024 07:25:03 UTC] PHP Warning:  Undefined array key "medico" in C:\laragon\www\Proyecto\agendar_cita.php on line 28
[07-Aug-2024 07:25:03 UTC] ID del usuario obtenido: 8
[07-Aug-2024 07:25:03 UTC] Tipo de usuario obtenido: 1
[07-Aug-2024 07:25:03 UTC] ID del paciente obtenido: 4
[07-Aug-2024 07:25:03 UTC] El ID del médico no es válido: 
[07-Aug-2024 07:25:04 UTC] PHP Warning:  Undefined array key "fecha" in C:\laragon\www\Proyecto\agendar_cita.php on line 26
[07-Aug-2024 07:25:04 UTC] PHP Warning:  Undefined array key "hora" in C:\laragon\www\Proyecto\agendar_cita.php on line 27
[07-Aug-2024 07:25:04 UTC] PHP Warning:  Undefined array key "medico" in C:\laragon\www\Proyecto\agendar_cita.php on line 28
[07-Aug-2024 07:25:04 UTC] ID del usuario obtenido: 8
[07-Aug-2024 07:25:04 UTC] Tipo de usuario obtenido: 1
[07-Aug-2024 07:25:04 UTC] ID del paciente obtenido: 4
[07-Aug-2024 07:25:04 UTC] El ID del médico no es válido: 
[07-Aug-2024 07:25:04 UTC] PHP Warning:  Undefined array key "fecha" in C:\laragon\www\Proyecto\agendar_cita.php on line 26
[07-Aug-2024 07:25:04 UTC] PHP Warning:  Undefined array key "hora" in C:\laragon\www\Proyecto\agendar_cita.php on line 27
[07-Aug-2024 07:25:04 UTC] PHP Warning:  Undefined array key "medico" in C:\laragon\www\Proyecto\agendar_cita.php on line 28
[07-Aug-2024 07:25:04 UTC] ID del usuario obtenido: 8
[07-Aug-2024 07:25:04 UTC] Tipo de usuario obtenido: 1
[07-Aug-2024 07:25:04 UTC] ID del paciente obtenido: 4
[07-Aug-2024 07:25:04 UTC] El ID del médico no es válido: 
[07-Aug-2024 07:25:04 UTC] PHP Warning:  Undefined array key "fecha" in C:\laragon\www\Proyecto\agendar_cita.php on line 26
[07-Aug-2024 07:25:04 UTC] PHP Warning:  Undefined array key "hora" in C:\laragon\www\Proyecto\agendar_cita.php on line 27
[07-Aug-2024 07:25:04 UTC] PHP Warning:  Undefined array key "medico" in C:\laragon\www\Proyecto\agendar_cita.php on line 28
[07-Aug-2024 07:25:04 UTC] ID del usuario obtenido: 8
[07-Aug-2024 07:25:04 UTC] Tipo de usuario obtenido: 1
[07-Aug-2024 07:25:04 UTC] ID del paciente obtenido: 4
[07-Aug-2024 07:25:04 UTC] El ID del médico no es válido: 
[07-Aug-2024 07:25:04 UTC] PHP Warning:  Undefined array key "fecha" in C:\laragon\www\Proyecto\agendar_cita.php on line 26
[07-Aug-2024 07:25:04 UTC] PHP Warning:  Undefined array key "hora" in C:\laragon\www\Proyecto\agendar_cita.php on line 27
[07-Aug-2024 07:25:04 UTC] PHP Warning:  Undefined array key "medico" in C:\laragon\www\Proyecto\agendar_cita.php on line 28
[07-Aug-2024 07:25:04 UTC] ID del usuario obtenido: 8
[07-Aug-2024 07:25:04 UTC] Tipo de usuario obtenido: 1
[07-Aug-2024 07:25:04 UTC] ID del paciente obtenido: 4
[07-Aug-2024 07:25:04 UTC] El ID del médico no es válido: 
[07-Aug-2024 07:25:04 UTC] PHP Warning:  Undefined array key "fecha" in C:\laragon\www\Proyecto\agendar_cita.php on line 26
[07-Aug-2024 07:25:04 UTC] PHP Warning:  Undefined array key "hora" in C:\laragon\www\Proyecto\agendar_cita.php on line 27
[07-Aug-2024 07:25:04 UTC] PHP Warning:  Undefined array key "medico" in C:\laragon\www\Proyecto\agendar_cita.php on line 28
[07-Aug-2024 07:25:04 UTC] ID del usuario obtenido: 8
[07-Aug-2024 07:25:04 UTC] Tipo de usuario obtenido: 1
[07-Aug-2024 07:25:04 UTC] ID del paciente obtenido: 4
[07-Aug-2024 07:25:04 UTC] El ID del médico no es válido: 
[07-Aug-2024 07:25:05 UTC] PHP Warning:  Undefined array key "fecha" in C:\laragon\www\Proyecto\agendar_cita.php on line 26
[07-Aug-2024 07:25:05 UTC] PHP Warning:  Undefined array key "hora" in C:\laragon\www\Proyecto\agendar_cita.php on line 27
[07-Aug-2024 07:25:05 UTC] PHP Warning:  Undefined array key "medico" in C:\laragon\www\Proyecto\agendar_cita.php on line 28
[07-Aug-2024 07:25:05 UTC] ID del usuario obtenido: 8
[07-Aug-2024 07:25:05 UTC] Tipo de usuario obtenido: 1
[07-Aug-2024 07:25:05 UTC] ID del paciente obtenido: 4
[07-Aug-2024 07:25:05 UTC] El ID del médico no es válido: 
[07-Aug-2024 07:25:05 UTC] PHP Warning:  Undefined array key "fecha" in C:\laragon\www\Proyecto\agendar_cita.php on line 26
[07-Aug-2024 07:25:05 UTC] PHP Warning:  Undefined array key "hora" in C:\laragon\www\Proyecto\agendar_cita.php on line 27
[07-Aug-2024 07:25:05 UTC] PHP Warning:  Undefined array key "medico" in C:\laragon\www\Proyecto\agendar_cita.php on line 28
[07-Aug-2024 07:25:05 UTC] ID del usuario obtenido: 8
[07-Aug-2024 07:25:05 UTC] Tipo de usuario obtenido: 1
[07-Aug-2024 07:25:05 UTC] ID del paciente obtenido: 4
[07-Aug-2024 07:25:05 UTC] El ID del médico no es válido: 
[07-Aug-2024 07:25:05 UTC] PHP Warning:  Undefined array key "fecha" in C:\laragon\www\Proyecto\agendar_cita.php on line 26
[07-Aug-2024 07:25:05 UTC] PHP Warning:  Undefined array key "hora" in C:\laragon\www\Proyecto\agendar_cita.php on line 27
[07-Aug-2024 07:25:05 UTC] PHP Warning:  Undefined array key "medico" in C:\laragon\www\Proyecto\agendar_cita.php on line 28
[07-Aug-2024 07:25:05 UTC] ID del usuario obtenido: 8
[07-Aug-2024 07:25:05 UTC] Tipo de usuario obtenido: 1
[07-Aug-2024 07:25:05 UTC] ID del paciente obtenido: 4
[07-Aug-2024 07:25:05 UTC] El ID del médico no es válido: 
[07-Aug-2024 07:25:05 UTC] PHP Warning:  Undefined array key "fecha" in C:\laragon\www\Proyecto\agendar_cita.php on line 26
[07-Aug-2024 07:25:05 UTC] PHP Warning:  Undefined array key "hora" in C:\laragon\www\Proyecto\agendar_cita.php on line 27
[07-Aug-2024 07:25:05 UTC] PHP Warning:  Undefined array key "medico" in C:\laragon\www\Proyecto\agendar_cita.php on line 28
[07-Aug-2024 07:25:05 UTC] ID del usuario obtenido: 8
[07-Aug-2024 07:25:05 UTC] Tipo de usuario obtenido: 1
[07-Aug-2024 07:25:05 UTC] ID del paciente obtenido: 4
[07-Aug-2024 07:25:05 UTC] El ID del médico no es válido: 
[07-Aug-2024 07:26:54 UTC] PHP Warning:  Undefined array key "fecha" in C:\laragon\www\Proyecto\agendar_cita.php on line 26
[07-Aug-2024 07:26:54 UTC] PHP Warning:  Undefined array key "hora" in C:\laragon\www\Proyecto\agendar_cita.php on line 27
[07-Aug-2024 07:26:54 UTC] PHP Warning:  Undefined array key "medico" in C:\laragon\www\Proyecto\agendar_cita.php on line 28
[07-Aug-2024 07:26:55 UTC] ID del usuario obtenido: 8
[07-Aug-2024 07:26:55 UTC] Tipo de usuario obtenido: 1
[07-Aug-2024 07:26:55 UTC] ID del paciente obtenido: 4
[07-Aug-2024 07:26:55 UTC] El ID del médico no es válido: 
[07-Aug-2024 15:34:10 UTC] PHP Fatal error:  Uncaught mysqli_sql_exception: Access denied for user 'root'@'localhost' (using password: YES) in C:\laragon\www\Proyecto\registro.php:17
Stack trace:
#0 C:\laragon\www\Proyecto\registro.php(17): mysqli->__construct('localhost', 'root', 'Master12$', 'sonrisas_sleep')
#1 {main}
  thrown in C:\laragon\www\Proyecto\registro.php on line 17
[07-Aug-2024 15:34:10 UTC] PHP Fatal error:  Uncaught mysqli_sql_exception: Access denied for user 'root'@'localhost' (using password: YES) in C:\laragon\www\Proyecto\registro.php:17
Stack trace:
#0 C:\laragon\www\Proyecto\registro.php(17): mysqli->__construct('localhost', 'root', 'Master12$', 'sonrisas_sleep')
#1 {main}
  thrown in C:\laragon\www\Proyecto\registro.php on line 17
[07-Aug-2024 15:40:11 UTC] PHP Fatal error:  Uncaught mysqli_sql_exception: Table 'con_ecolor.usuarios' doesn't exist in C:\laragon\www\Proyecto\registro.php:30
Stack trace:
#0 C:\laragon\www\Proyecto\registro.php(30): mysqli->prepare('SELECT id_usuar...')
#1 {main}
  thrown in C:\laragon\www\Proyecto\registro.php on line 30
[08-Aug-2024 20:37:48 UTC] PHP Fatal error:  Uncaught mysqli_sql_exception: No se puede establecer una conexión ya que el equipo de destino denegó expresamente dicha conexión in C:\laragon\www\Proyecto\bd.php:10
Stack trace:
#0 C:\laragon\www\Proyecto\bd.php(10): mysqli->__construct('localhost', 'jha', 'jhadiel', 'sonrisas_sleep')
#1 C:\laragon\www\Proyecto\registro.php(12): include('C:\\laragon\\www\\...')
#2 {main}
  thrown in C:\laragon\www\Proyecto\bd.php on line 10
[09-Aug-2024 20:45:31 UTC] PHP Fatal error:  Uncaught mysqli_sql_exception: No such file or directory in /var/www/html/bd.php:10
Stack trace:
#0 /var/www/html/bd.php(10): mysqli->__construct('localhost', 'jha', Object(SensitiveParameterValue), 'sonrisas_sleep')
#1 /var/www/html/registro.php(12): include('/var/www/html/b...')
#2 {main}
  thrown in /var/www/html/bd.php on line 10
